<?xml version="1.0" encoding="UTF-8"?>
<!-- Generated by org.testng.reporters.JUnitReportReporter -->
<testsuite hostname="LAPTOP-0DACUFBP" name="com.qa.test.getApiTest" tests="2" failures="0" timestamp="13 Apr 2020 07:18:49 GMT" time="3.010" errors="0">
  <testcase name="gettestswithheaders" time="0.863" classname="com.qa.test.getApiTest"/>
  <testcase name="gettest" time="2.147" classname="com.qa.test.getApiTest"/>
</testsuite> <!-- com.qa.test.getApiTest -->
