<?xml version="1.0" encoding="UTF-8"?>
<!-- Generated by org.testng.reporters.JUnitReportReporter -->
<testsuite hostname="LAPTOP-0DACUFBP" name="com.qa.test.postApiTest" tests="1" failures="0" timestamp="13 Apr 2020 09:27:47 GMT" time="4.202" errors="0">
  <testcase name="postAPITest" time="4.202" classname="com.qa.test.postApiTest"/>
</testsuite> <!-- com.qa.test.postApiTest -->
